time=2026-02-14T14:14:21.889+09:00 level=INFO msg="mastermind starting" repo=/Users/simonbystrom/code/mastermind session=mastermind tmuxVersion="tmux 3.6a"
time=2026-02-14T14:19:20.896+09:00 level=INFO msg="mastermind starting" repo=/Users/simonbystrom/code/mastermind session=mastermind tmuxVersion="tmux 3.6a"
time=2026-02-14T14:21:16.604+09:00 level=INFO msg="mastermind starting" repo=/Users/simonbystrom/code/mastermind session=mastermind tmuxVersion="tmux 3.6a"
time=2026-02-14T14:22:39.764+09:00 level=INFO msg="agent spawned" id=a1 branch=diff-review name=diff-reviewer
time=2026-02-14T14:23:14.661+09:00 level=DEBUG msg="agent status change" id=a1 status=waiting waitingFor=permission
time=2026-02-14T14:23:20.657+09:00 level=DEBUG msg="agent status change" id=a1 status=running
time=2026-02-14T14:23:32.662+09:00 level=DEBUG msg="agent status change" id=a1 status=waiting waitingFor=permission
time=2026-02-14T14:23:40.663+09:00 level=DEBUG msg="agent status change" id=a1 status=running
time=2026-02-14T14:24:50.660+09:00 level=DEBUG msg="agent status change" id=a1 status=waiting waitingFor=permission
time=2026-02-14T14:24:52.661+09:00 level=DEBUG msg="agent status change" id=a1 status=running
time=2026-02-14T14:27:22.660+09:00 level=DEBUG msg="agent status change" id=a1 status=waiting waitingFor=permission
time=2026-02-14T14:27:56.662+09:00 level=DEBUG msg="agent status change" id=a1 status=running
time=2026-02-14T14:28:00.704+09:00 level=DEBUG msg="agent status change" id=a1 status=waiting waitingFor=permission
time=2026-02-14T14:28:04.656+09:00 level=DEBUG msg="agent status change" id=a1 status=running
time=2026-02-14T14:28:12.655+09:00 level=DEBUG msg="agent status change" id=a1 status=waiting waitingFor=permission
time=2026-02-14T14:28:44.658+09:00 level=DEBUG msg="agent status change" id=a1 status=running
time=2026-02-14T14:28:48.659+09:00 level=DEBUG msg="agent status change" id=a1 status=waiting waitingFor=permission
time=2026-02-14T14:28:50.659+09:00 level=DEBUG msg="agent status change" id=a1 status=running
time=2026-02-14T14:29:00.653+09:00 level=DEBUG msg="agent status change" id=a1 status=waiting waitingFor=permission
time=2026-02-14T14:29:06.651+09:00 level=DEBUG msg="agent status change" id=a1 status=running
time=2026-02-14T14:29:52.661+09:00 level=DEBUG msg="agent status change" id=a1 status=waiting waitingFor=permission
time=2026-02-14T14:30:16.652+09:00 level=DEBUG msg="agent status change" id=a1 status=running
time=2026-02-14T14:30:36.658+09:00 level=DEBUG msg="agent status change" id=a1 status=waiting waitingFor=permission
time=2026-02-14T14:30:40.655+09:00 level=DEBUG msg="agent status change" id=a1 status=running
time=2026-02-14T14:30:58.661+09:00 level=DEBUG msg="agent status change" id=a1 status=waiting waitingFor=permission
time=2026-02-14T14:31:10.654+09:00 level=DEBUG msg="agent status change" id=a1 status=running
time=2026-02-14T14:32:08.668+09:00 level=DEBUG msg="agent status change" id=a1 status=waiting waitingFor=permission
time=2026-02-14T14:32:16.675+09:00 level=DEBUG msg="agent status change" id=a1 status=running
time=2026-02-14T14:35:33.951+09:00 level=INFO msg="agent spawned" id=a2 branch=notifications name=notifications
time=2026-02-14T14:36:58.670+09:00 level=DEBUG msg="agent status change" id=a2 status=waiting waitingFor=permission
time=2026-02-14T14:36:58.689+09:00 level=DEBUG msg="agent status change" id=a1 status=waiting waitingFor=permission
time=2026-02-14T14:37:10.673+09:00 level=DEBUG msg="agent status change" id=a1 status=running
time=2026-02-14T14:37:26.686+09:00 level=DEBUG msg="agent status change" id=a2 status=running
time=2026-02-14T14:37:36.689+09:00 level=DEBUG msg="agent status change" id=a2 status=waiting waitingFor=permission
time=2026-02-14T14:37:47.345+09:00 level=INFO msg="agent spawned" id=a3 branch=planning-mode name=planner-fixer
time=2026-02-14T14:38:48.688+09:00 level=DEBUG msg="agent status change" id=a2 status=running
time=2026-02-14T14:40:40.686+09:00 level=DEBUG msg="agent status change" id=a3 status=waiting waitingFor=permission
time=2026-02-14T14:41:24.695+09:00 level=DEBUG msg="agent status change" id=a3 status=running
time=2026-02-14T14:42:50.681+09:00 level=DEBUG msg="agent status change" id=a3 status=waiting waitingFor=permission
time=2026-02-14T14:43:08.684+09:00 level=DEBUG msg="agent status change" id=a3 status=running
time=2026-02-14T14:43:20.670+09:00 level=DEBUG msg="agent status change" id=a1 status=waiting waitingFor=permission
time=2026-02-14T14:43:22.705+09:00 level=DEBUG msg="agent status change" id=a3 status=waiting waitingFor=permission
time=2026-02-14T14:43:42.703+09:00 level=DEBUG msg="agent status change" id=a3 status=running
time=2026-02-14T14:44:08.702+09:00 level=DEBUG msg="agent status change" id=a3 status=waiting waitingFor=permission
time=2026-02-14T14:44:42.694+09:00 level=DEBUG msg="agent status change" id=a3 status=running
time=2026-02-14T14:46:38.689+09:00 level=DEBUG msg="agent status change" id=a2 status=waiting waitingFor=permission
time=2026-02-14T14:47:38.665+09:00 level=DEBUG msg="agent status change" id=a1 status=running
time=2026-02-14T14:47:42.700+09:00 level=DEBUG msg="agent status change" id=a1 status=waiting waitingFor=permission
time=2026-02-14T14:47:46.692+09:00 level=DEBUG msg="agent status change" id=a1 status=running
time=2026-02-14T14:47:52.669+09:00 level=DEBUG msg="agent status change" id=a1 status=waiting waitingFor=permission
time=2026-02-14T14:47:54.672+09:00 level=DEBUG msg="agent status change" id=a1 status=running
time=2026-02-14T14:48:12.665+09:00 level=DEBUG msg="agent status change" id=a1 status=waiting waitingFor=permission
time=2026-02-14T14:48:48.697+09:00 level=DEBUG msg="agent status change" id=a1 status=running
time=2026-02-14T14:49:00.700+09:00 level=DEBUG msg="agent status change" id=a1 status=waiting waitingFor=permission
time=2026-02-14T14:49:04.667+09:00 level=DEBUG msg="agent status change" id=a1 status=running
time=2026-02-14T14:49:32.676+09:00 level=DEBUG msg="agent status change" id=a2 status=running
time=2026-02-14T14:49:34.699+09:00 level=INFO msg="agent finished" id=a2 exitCode=0 hasChanges=true
time=2026-02-14T14:49:36.664+09:00 level=DEBUG msg="agent status change" id=a2 status=running
time=2026-02-14T14:52:12.716+09:00 level=INFO msg="agent finished" id=a1 exitCode=0 hasChanges=true
time=2026-02-14T14:52:14.707+09:00 level=DEBUG msg="agent status change" id=a1 status=running
time=2026-02-14T14:53:30.707+09:00 level=DEBUG msg="agent status change" id=a3 status=waiting waitingFor=permission
time=2026-02-14T15:01:04.674+09:00 level=DEBUG msg="agent status change" id=a3 status=running
time=2026-02-14T15:01:06.679+09:00 level=INFO msg="agent finished" id=a3 exitCode=0 hasChanges=false
time=2026-02-14T15:01:08.680+09:00 level=INFO msg="agent finished" id=a3 exitCode=0 hasChanges=false
time=2026-02-14T15:01:10.679+09:00 level=INFO msg="agent finished" id=a3 exitCode=0 hasChanges=false
time=2026-02-14T15:01:12.673+09:00 level=INFO msg="agent finished" id=a3 exitCode=0 hasChanges=false
time=2026-02-14T15:01:14.437+09:00 level=INFO msg="agent dismissed" id=a3 deleteBranch=false
time=2026-02-14T15:05:52.090+09:00 level=INFO msg="mastermind starting" repo=/Users/simonbystrom/code/mastermind session=mastermind tmuxVersion="tmux 3.6a"
time=2026-02-14T15:05:52.096+09:00 level=INFO msg="recovered agent" id=a1 branch=diff-review status=running
time=2026-02-14T15:05:52.101+09:00 level=INFO msg="recovered agent" id=a2 branch=notifications status=running
time=2026-02-14T15:05:52.101+09:00 level=INFO msg="agent recovery complete" recovered=2 total=2
time=2026-02-14T15:40:22.836+09:00 level=INFO msg="mastermind starting" repo=/Users/simonbystrom/code/mastermind session=mastermind tmuxVersion="tmux 3.6a"
time=2026-02-14T15:40:22.843+09:00 level=INFO msg="recovered agent" id=a1 branch=diff-review status=running
time=2026-02-14T15:40:22.848+09:00 level=INFO msg="recovered agent" id=a2 branch=notifications status=running
time=2026-02-14T15:40:22.848+09:00 level=INFO msg="agent recovery complete" recovered=2 total=2
time=2026-02-14T15:46:30.329+09:00 level=INFO msg="mastermind starting" repo=/Users/simonbystrom/code/mastermind session=mastermind tmuxVersion="tmux 3.6a"
time=2026-02-14T15:46:30.336+09:00 level=INFO msg="recovered agent" id=a1 branch=diff-review status=running
time=2026-02-14T15:46:30.341+09:00 level=INFO msg="recovered agent" id=a2 branch=notifications status=running
time=2026-02-14T15:46:30.341+09:00 level=INFO msg="agent recovery complete" recovered=2 total=2
time=2026-02-14T15:49:32.553+09:00 level=INFO msg="mastermind starting" repo=/Users/simonbystrom/code/mastermind session=mastermind tmuxVersion="tmux 3.6a"
time=2026-02-14T15:49:32.559+09:00 level=INFO msg="recovered agent" id=a1 branch=diff-review status=running
time=2026-02-14T15:49:32.564+09:00 level=INFO msg="recovered agent" id=a2 branch=notifications status=running
time=2026-02-14T15:49:32.564+09:00 level=INFO msg="agent recovery complete" recovered=2 total=2
time=2026-02-14T15:49:34.762+09:00 level=INFO msg="agent dismissed" id=a1 deleteBranch=false
time=2026-02-14T15:49:34.787+09:00 level=INFO msg="agent dismissed" id=a2 deleteBranch=false
time=2026-02-14T15:51:23.844+09:00 level=INFO msg="agent spawned" id=a1 branch=review-test name=""
time=2026-02-14T15:51:28.634+09:00 level=INFO msg="agent idle without changes" id=a1
time=2026-02-14T15:51:32.614+09:00 level=DEBUG msg="agent status change" id=a1 status=running
time=2026-02-14T15:51:48.617+09:00 level=DEBUG msg="agent status change" id=a1 status=waiting waitingFor=unknown
time=2026-02-14T15:51:58.616+09:00 level=DEBUG msg="agent status change" id=a1 status=running
time=2026-02-14T15:52:54.615+09:00 level=DEBUG msg="agent status change" id=a1 status=waiting waitingFor=permission
time=2026-02-14T15:53:04.616+09:00 level=DEBUG msg="agent status change" id=a1 status=running
time=2026-02-14T15:54:34.615+09:00 level=DEBUG msg="agent status change" id=a1 status=waiting waitingFor=permission
time=2026-02-14T15:54:40.609+09:00 level=DEBUG msg="agent status change" id=a1 status=running
time=2026-02-14T15:54:52.619+09:00 level=DEBUG msg="agent status change" id=a1 status=waiting waitingFor=permission
time=2026-02-14T15:54:58.614+09:00 level=DEBUG msg="agent status change" id=a1 status=running
time=2026-02-14T15:55:02.615+09:00 level=DEBUG msg="agent status change" id=a1 status=waiting waitingFor=permission
time=2026-02-14T15:59:54.919+09:00 level=INFO msg="mastermind starting" repo=/Users/simonbystrom/code/mastermind session=mastermind tmuxVersion="tmux 3.6a"
time=2026-02-14T15:59:54.925+09:00 level=INFO msg="recovered agent" id=a1 branch=review-test status=waiting
time=2026-02-14T15:59:54.925+09:00 level=INFO msg="agent recovery complete" recovered=1 total=1
time=2026-02-14T15:59:56.977+09:00 level=DEBUG msg="agent status change" id=a1 status=running
time=2026-02-14T16:00:01.021+09:00 level=DEBUG msg="agent status change" id=a1 status=waiting waitingFor=permission
time=2026-02-14T16:00:38.973+09:00 level=DEBUG msg="agent status change" id=a1 status=running
time=2026-02-14T16:00:40.987+09:00 level=INFO msg="agent finished" id=a1 exitCode=0 hasChanges=true
time=2026-02-14T16:00:42.983+09:00 level=INFO msg="agent finished" id=a1 exitCode=0 hasChanges=true
time=2026-02-14T16:00:44.984+09:00 level=INFO msg="agent finished" id=a1 exitCode=0 hasChanges=true
time=2026-02-14T16:00:46.982+09:00 level=INFO msg="agent finished" id=a1 exitCode=0 hasChanges=true
time=2026-02-14T16:00:48.985+09:00 level=INFO msg="agent finished" id=a1 exitCode=0 hasChanges=true
time=2026-02-14T16:00:50.970+09:00 level=INFO msg="agent finished" id=a1 exitCode=0 hasChanges=true
time=2026-02-14T16:00:52.981+09:00 level=INFO msg="agent finished" id=a1 exitCode=0 hasChanges=true
time=2026-02-14T16:00:54.981+09:00 level=INFO msg="agent finished" id=a1 exitCode=0 hasChanges=true
time=2026-02-14T16:00:56.979+09:00 level=INFO msg="agent finished" id=a1 exitCode=0 hasChanges=true
time=2026-02-14T16:00:58.971+09:00 level=INFO msg="agent finished" id=a1 exitCode=0 hasChanges=true
time=2026-02-14T16:01:01.013+09:00 level=INFO msg="agent finished" id=a1 exitCode=0 hasChanges=true
time=2026-02-14T16:01:02.981+09:00 level=INFO msg="agent finished" id=a1 exitCode=0 hasChanges=true
time=2026-02-14T16:01:04.982+09:00 level=INFO msg="agent finished" id=a1 exitCode=0 hasChanges=true
time=2026-02-14T16:01:06.978+09:00 level=INFO msg="agent finished" id=a1 exitCode=0 hasChanges=true
time=2026-02-14T16:01:08.971+09:00 level=INFO msg="agent finished" id=a1 exitCode=0 hasChanges=true
time=2026-02-14T16:01:10.972+09:00 level=INFO msg="agent finished" id=a1 exitCode=0 hasChanges=true
time=2026-02-14T16:01:12.981+09:00 level=INFO msg="agent finished" id=a1 exitCode=0 hasChanges=false
time=2026-02-14T16:01:14.980+09:00 level=INFO msg="agent finished" id=a1 exitCode=0 hasChanges=false
time=2026-02-14T16:01:16.982+09:00 level=INFO msg="agent finished" id=a1 exitCode=0 hasChanges=false
time=2026-02-14T16:01:18.972+09:00 level=INFO msg="agent finished" id=a1 exitCode=0 hasChanges=false
time=2026-02-14T16:01:20.970+09:00 level=INFO msg="agent finished" id=a1 exitCode=0 hasChanges=false
time=2026-02-14T16:01:22.983+09:00 level=INFO msg="agent finished" id=a1 exitCode=0 hasChanges=false
time=2026-02-14T16:01:24.982+09:00 level=INFO msg="agent finished" id=a1 exitCode=0 hasChanges=false
time=2026-02-14T16:01:26.983+09:00 level=INFO msg="agent finished" id=a1 exitCode=0 hasChanges=false
time=2026-02-14T16:01:28.973+09:00 level=INFO msg="agent finished" id=a1 exitCode=0 hasChanges=false
time=2026-02-14T16:01:31.029+09:00 level=INFO msg="agent finished" id=a1 exitCode=0 hasChanges=false
time=2026-02-14T16:01:32.982+09:00 level=INFO msg="agent finished" id=a1 exitCode=0 hasChanges=false
time=2026-02-14T16:01:34.984+09:00 level=INFO msg="agent finished" id=a1 exitCode=0 hasChanges=false
time=2026-02-14T16:01:36.982+09:00 level=INFO msg="agent finished" id=a1 exitCode=0 hasChanges=false
time=2026-02-14T16:01:38.972+09:00 level=INFO msg="agent finished" id=a1 exitCode=0 hasChanges=false
time=2026-02-14T16:01:40.986+09:00 level=INFO msg="agent finished" id=a1 exitCode=0 hasChanges=false
time=2026-02-14T16:01:42.982+09:00 level=INFO msg="agent finished" id=a1 exitCode=0 hasChanges=false
time=2026-02-14T16:01:44.981+09:00 level=INFO msg="agent finished" id=a1 exitCode=0 hasChanges=false
time=2026-02-14T16:01:46.979+09:00 level=INFO msg="agent finished" id=a1 exitCode=0 hasChanges=false
time=2026-02-14T16:01:48.974+09:00 level=INFO msg="agent finished" id=a1 exitCode=0 hasChanges=false
time=2026-02-14T16:01:50.982+09:00 level=INFO msg="agent finished" id=a1 exitCode=0 hasChanges=false
time=2026-02-14T16:01:52.982+09:00 level=INFO msg="agent finished" id=a1 exitCode=0 hasChanges=false
time=2026-02-14T16:01:54.981+09:00 level=INFO msg="agent finished" id=a1 exitCode=0 hasChanges=false
time=2026-02-14T16:01:56.983+09:00 level=INFO msg="agent finished" id=a1 exitCode=0 hasChanges=false
time=2026-02-14T16:01:58.972+09:00 level=INFO msg="agent finished" id=a1 exitCode=0 hasChanges=false
time=2026-02-14T16:02:01.030+09:00 level=INFO msg="agent finished" id=a1 exitCode=0 hasChanges=false
time=2026-02-14T16:02:02.981+09:00 level=INFO msg="agent finished" id=a1 exitCode=0 hasChanges=false
time=2026-02-14T16:02:04.986+09:00 level=INFO msg="agent finished" id=a1 exitCode=0 hasChanges=false
time=2026-02-14T16:02:06.982+09:00 level=INFO msg="agent finished" id=a1 exitCode=0 hasChanges=false
time=2026-02-14T16:02:08.970+09:00 level=INFO msg="agent finished" id=a1 exitCode=0 hasChanges=false
time=2026-02-14T16:02:10.978+09:00 level=INFO msg="agent finished" id=a1 exitCode=0 hasChanges=false
time=2026-02-14T16:02:12.985+09:00 level=INFO msg="agent finished" id=a1 exitCode=0 hasChanges=false
time=2026-02-14T16:02:14.983+09:00 level=INFO msg="agent finished" id=a1 exitCode=0 hasChanges=false
time=2026-02-14T16:02:16.981+09:00 level=INFO msg="agent finished" id=a1 exitCode=0 hasChanges=false
time=2026-02-14T16:02:18.970+09:00 level=INFO msg="agent finished" id=a1 exitCode=0 hasChanges=false
time=2026-02-14T16:02:20.984+09:00 level=INFO msg="agent finished" id=a1 exitCode=0 hasChanges=false
time=2026-02-14T16:02:22.980+09:00 level=INFO msg="agent finished" id=a1 exitCode=0 hasChanges=false
time=2026-02-14T16:02:24.981+09:00 level=INFO msg="agent finished" id=a1 exitCode=0 hasChanges=false
time=2026-02-14T16:02:26.981+09:00 level=INFO msg="agent finished" id=a1 exitCode=0 hasChanges=false
time=2026-02-14T16:02:28.970+09:00 level=INFO msg="agent finished" id=a1 exitCode=0 hasChanges=false
time=2026-02-14T16:02:30.980+09:00 level=INFO msg="agent finished" id=a1 exitCode=0 hasChanges=false
time=2026-02-14T16:02:32.982+09:00 level=INFO msg="agent finished" id=a1 exitCode=0 hasChanges=false
time=2026-02-14T16:02:34.982+09:00 level=INFO msg="agent finished" id=a1 exitCode=0 hasChanges=false
time=2026-02-14T16:02:36.978+09:00 level=INFO msg="agent finished" id=a1 exitCode=0 hasChanges=false
time=2026-02-14T16:02:38.969+09:00 level=INFO msg="agent finished" id=a1 exitCode=0 hasChanges=false
time=2026-02-14T16:02:40.979+09:00 level=INFO msg="agent finished" id=a1 exitCode=0 hasChanges=false
time=2026-02-14T16:02:42.982+09:00 level=INFO msg="agent finished" id=a1 exitCode=0 hasChanges=false
time=2026-02-14T16:02:44.980+09:00 level=INFO msg="agent finished" id=a1 exitCode=0 hasChanges=false
time=2026-02-14T16:02:46.981+09:00 level=INFO msg="agent finished" id=a1 exitCode=0 hasChanges=false
time=2026-02-14T16:02:48.972+09:00 level=INFO msg="agent finished" id=a1 exitCode=0 hasChanges=false
time=2026-02-14T16:02:50.975+09:00 level=INFO msg="agent finished" id=a1 exitCode=0 hasChanges=false
time=2026-02-14T16:02:52.977+09:00 level=INFO msg="agent finished" id=a1 exitCode=0 hasChanges=false
time=2026-02-14T16:02:54.978+09:00 level=INFO msg="agent finished" id=a1 exitCode=0 hasChanges=false
time=2026-02-14T16:02:56.978+09:00 level=INFO msg="agent finished" id=a1 exitCode=0 hasChanges=false
time=2026-02-14T16:02:58.969+09:00 level=INFO msg="agent finished" id=a1 exitCode=0 hasChanges=false
time=2026-02-14T16:03:00.979+09:00 level=INFO msg="agent finished" id=a1 exitCode=0 hasChanges=false
time=2026-02-14T16:03:02.965+09:00 level=INFO msg="agent finished" id=a1 exitCode=0 hasChanges=false
time=2026-02-14T16:03:04.977+09:00 level=INFO msg="agent finished" id=a1 exitCode=0 hasChanges=false
time=2026-02-14T16:03:06.979+09:00 level=INFO msg="agent finished" id=a1 exitCode=0 hasChanges=false
time=2026-02-14T16:03:08.968+09:00 level=INFO msg="agent finished" id=a1 exitCode=0 hasChanges=false
time=2026-02-14T16:03:10.978+09:00 level=INFO msg="agent finished" id=a1 exitCode=0 hasChanges=false
time=2026-02-14T16:03:12.980+09:00 level=INFO msg="agent finished" id=a1 exitCode=0 hasChanges=false
time=2026-02-14T16:03:14.979+09:00 level=INFO msg="agent finished" id=a1 exitCode=0 hasChanges=false
time=2026-02-14T16:03:16.977+09:00 level=INFO msg="agent finished" id=a1 exitCode=0 hasChanges=false
time=2026-02-14T16:03:18.968+09:00 level=INFO msg="agent finished" id=a1 exitCode=0 hasChanges=false
time=2026-02-14T16:03:20.980+09:00 level=INFO msg="agent finished" id=a1 exitCode=0 hasChanges=false
time=2026-02-14T16:03:22.975+09:00 level=INFO msg="agent finished" id=a1 exitCode=0 hasChanges=false
time=2026-02-14T16:03:24.980+09:00 level=INFO msg="agent finished" id=a1 exitCode=0 hasChanges=false
time=2026-02-14T16:03:26.978+09:00 level=INFO msg="agent finished" id=a1 exitCode=0 hasChanges=false
time=2026-02-14T16:03:28.968+09:00 level=INFO msg="agent finished" id=a1 exitCode=0 hasChanges=false
time=2026-02-14T16:03:30.978+09:00 level=INFO msg="agent finished" id=a1 exitCode=0 hasChanges=false
time=2026-02-14T16:03:32.962+09:00 level=INFO msg="agent finished" id=a1 exitCode=0 hasChanges=false
time=2026-02-14T16:03:34.958+09:00 level=INFO msg="agent finished" id=a1 exitCode=0 hasChanges=false
time=2026-02-14T16:03:36.981+09:00 level=INFO msg="agent finished" id=a1 exitCode=0 hasChanges=false
time=2026-02-14T16:03:38.959+09:00 level=INFO msg="agent finished" id=a1 exitCode=0 hasChanges=false
time=2026-02-14T16:03:40.977+09:00 level=INFO msg="agent finished" id=a1 exitCode=0 hasChanges=false
time=2026-02-14T16:03:42.978+09:00 level=INFO msg="agent finished" id=a1 exitCode=0 hasChanges=false
time=2026-02-14T16:03:44.980+09:00 level=INFO msg="agent finished" id=a1 exitCode=0 hasChanges=false
time=2026-02-14T16:03:46.977+09:00 level=INFO msg="agent finished" id=a1 exitCode=0 hasChanges=false
time=2026-02-14T16:03:48.966+09:00 level=INFO msg="agent finished" id=a1 exitCode=0 hasChanges=false
time=2026-02-14T16:03:50.978+09:00 level=INFO msg="agent finished" id=a1 exitCode=0 hasChanges=false
time=2026-02-14T16:03:52.980+09:00 level=INFO msg="agent finished" id=a1 exitCode=0 hasChanges=false
time=2026-02-14T16:03:54.974+09:00 level=INFO msg="agent finished" id=a1 exitCode=0 hasChanges=false
time=2026-02-14T16:03:56.980+09:00 level=INFO msg="agent finished" id=a1 exitCode=0 hasChanges=false
time=2026-02-14T16:03:58.968+09:00 level=INFO msg="agent finished" id=a1 exitCode=0 hasChanges=false
time=2026-02-14T16:04:00.968+09:00 level=INFO msg="agent finished" id=a1 exitCode=0 hasChanges=false
time=2026-02-14T16:04:02.979+09:00 level=INFO msg="agent finished" id=a1 exitCode=0 hasChanges=false
time=2026-02-14T16:04:04.981+09:00 level=INFO msg="agent finished" id=a1 exitCode=0 hasChanges=false
time=2026-02-14T16:04:06.979+09:00 level=INFO msg="agent finished" id=a1 exitCode=0 hasChanges=false
time=2026-02-14T16:04:08.968+09:00 level=INFO msg="agent finished" id=a1 exitCode=0 hasChanges=false
time=2026-02-14T16:04:09.000+09:00 level=INFO msg="agent dismissed" id=a1 deleteBranch=false
time=2026-02-14T16:04:37.039+09:00 level=INFO msg="agent spawned" id=a1 branch=review name=reciew
time=2026-02-14T16:04:43.037+09:00 level=INFO msg="agent idle without changes" id=a1
time=2026-02-14T16:06:30.960+09:00 level=DEBUG msg="agent status change" id=a1 status=running
time=2026-02-14T16:06:58.982+09:00 level=DEBUG msg="agent status change" id=a1 status=waiting waitingFor=unknown
time=2026-02-14T16:07:02.978+09:00 level=DEBUG msg="agent status change" id=a1 status=running
time=2026-02-14T16:10:10.975+09:00 level=DEBUG msg="agent status change" id=a1 status=waiting waitingFor=permission
time=2026-02-14T16:10:36.975+09:00 level=DEBUG msg="agent status change" id=a1 status=running
time=2026-02-14T16:14:16.982+09:00 level=DEBUG msg="agent status change" id=a1 status=waiting waitingFor=permission
time=2026-02-14T16:15:46.334+09:00 level=INFO msg="mastermind starting" repo=/Users/simonbystrom/code/mastermind session=mastermind tmuxVersion="tmux 3.6a"
time=2026-02-14T16:15:46.340+09:00 level=INFO msg="recovered agent" id=a1 branch=review status=waiting
time=2026-02-14T16:15:46.340+09:00 level=INFO msg="agent recovery complete" recovered=1 total=1
time=2026-02-14T16:15:48.395+09:00 level=DEBUG msg="agent status change" id=a1 status=running
time=2026-02-14T16:15:52.394+09:00 level=DEBUG msg="agent status change" id=a1 status=waiting waitingFor=permission
time=2026-02-14T16:16:08.391+09:00 level=DEBUG msg="agent status change" id=a1 status=running
time=2026-02-14T16:16:16.396+09:00 level=DEBUG msg="agent status change" id=a1 status=waiting waitingFor=unknown
time=2026-02-14T16:17:10.396+09:00 level=DEBUG msg="agent status change" id=a1 status=running
time=2026-02-14T16:17:14.414+09:00 level=INFO msg="agent idle without changes" id=a1
time=2026-02-14T16:17:37.997+09:00 level=INFO msg="agent dismissed" id=a1 deleteBranch=false
time=2026-02-14T16:17:44.837+09:00 level=INFO msg="mastermind starting" repo=/Users/simonbystrom/code/mastermind session=mastermind tmuxVersion="tmux 3.6a"
time=2026-02-14T16:18:57.041+09:00 level=INFO msg="agent spawned" id=a1 branch=test name=""
time=2026-02-14T16:19:46.939+09:00 level=DEBUG msg="agent status change" id=a1 status=waiting waitingFor=permission
time=2026-02-14T16:19:56.891+09:00 level=DEBUG msg="agent status change" id=a1 status=running
time=2026-02-14T16:21:08.903+09:00 level=DEBUG msg="agent status change" id=a1 status=waiting waitingFor=permission
time=2026-02-14T16:21:18.890+09:00 level=DEBUG msg="agent status change" id=a1 status=running
time=2026-02-14T16:21:42.921+09:00 level=INFO msg="agent idle with changes" id=a1
time=2026-02-14T16:55:25.173+09:00 level=INFO msg="mastermind starting" repo=/Users/simonbystrom/code/mastermind session=mastermind tmuxVersion="tmux 3.6a"
time=2026-02-14T16:55:25.180+09:00 level=INFO msg="recovered agent" id=a1 branch=test status=reviewing
time=2026-02-14T16:55:25.180+09:00 level=INFO msg="agent recovery complete" recovered=1 total=1
time=2026-02-14T16:55:29.233+09:00 level=DEBUG msg="agent status change" id=a1 status=running
time=2026-02-14T16:55:33.252+09:00 level=DEBUG msg="agent status change" id=a1 status=waiting waitingFor=permission
time=2026-02-14T17:21:19.229+09:00 level=DEBUG msg="agent status change" id=a1 status=running
time=2026-02-14T17:21:25.248+09:00 level=DEBUG msg="agent status change" id=a1 status=waiting waitingFor=permission
time=2026-02-14T17:57:23.824+09:00 level=INFO msg="mastermind starting" repo=/Users/simonbystrom/code/mastermind session=mastermind tmuxVersion="tmux 3.6a"
time=2026-02-14T17:57:23.832+09:00 level=INFO msg="recovered agent" id=a1 branch=test status=waiting
time=2026-02-14T17:57:23.832+09:00 level=INFO msg="agent recovery complete" recovered=1 total=1
time=2026-02-14T17:57:25.887+09:00 level=DEBUG msg="agent status change" id=a1 status=running
time=2026-02-14T17:57:29.903+09:00 level=DEBUG msg="agent status change" id=a1 status=waiting waitingFor=permission
time=2026-02-14T19:09:14.968+09:00 level=DEBUG msg="agent status change" id=a1 status=running
time=2026-02-14T19:09:20.973+09:00 level=DEBUG msg="agent status change" id=a1 status=waiting waitingFor=permission
time=2026-02-14T20:16:20.785+09:00 level=DEBUG msg="agent status change" id=a1 status=running
time=2026-02-14T20:16:51.488+09:00 level=DEBUG msg="agent status change" id=a1 status=waiting waitingFor=permission
time=2026-02-14T22:11:58.209+09:00 level=DEBUG msg="agent status change" id=a1 status=running
time=2026-02-14T22:12:04.228+09:00 level=DEBUG msg="agent status change" id=a1 status=waiting waitingFor=permission
time=2026-02-14T22:19:02.776+09:00 level=INFO msg="mastermind starting" repo=/Users/simonbystrom/code/mastermind session=mastermind tmuxVersion="tmux 3.6a"
time=2026-02-14T22:19:02.782+09:00 level=INFO msg="recovered agent" id=a1 branch=test status=waiting
time=2026-02-14T22:19:02.782+09:00 level=INFO msg="agent recovery complete" recovered=1 total=1
time=2026-02-14T22:19:04.839+09:00 level=DEBUG msg="agent status change" id=a1 status=running
time=2026-02-14T22:19:08.857+09:00 level=DEBUG msg="agent status change" id=a1 status=waiting waitingFor=permission
time=2026-02-14T22:19:27.065+09:00 level=INFO msg="mastermind starting" repo=/Users/simonbystrom/code/mastermind session=mastermind tmuxVersion="tmux 3.6a"
time=2026-02-14T22:19:27.071+09:00 level=INFO msg="recovered agent" id=a1 branch=test status=waiting
time=2026-02-14T22:19:27.071+09:00 level=INFO msg="agent recovery complete" recovered=1 total=1
time=2026-02-14T22:19:29.109+09:00 level=DEBUG msg="agent status change" id=a1 status=running
time=2026-02-14T22:19:29.639+09:00 level=INFO msg="agent dismissed" id=a1 deleteBranch=false
time=2026-02-14T22:24:06.706+09:00 level=INFO msg="agent spawned" id=a1 branch=test1 name="testing reviews"
time=2026-02-14T22:25:31.137+09:00 level=DEBUG msg="agent status change" id=a1 status=waiting waitingFor=permission
time=2026-02-14T22:25:41.153+09:00 level=DEBUG msg="agent status change" id=a1 status=running
time=2026-02-14T22:25:53.155+09:00 level=INFO msg="agent idle with changes" id=a1
time=2026-02-14T22:27:01.129+09:00 level=INFO msg="fast-forward merge" id=a1 branch=test1 base=master
time=2026-02-14T22:27:01.160+09:00 level=INFO msg="agent cleaned up after merge" id=a1
time=2026-02-14T22:56:00.133+09:00 level=INFO msg="mastermind starting" repo=/Users/simonbystrom/code/mastermind session=mastermind tmuxVersion="tmux 3.6a"
